
I - export and then echo these env variables:

     $datadir
     $jnroot
     $xi2droot
     $xi02root
     $pcroot
     

II - edit the config.ini file (config_sarah_wpip.ini):
   in the last line, edit the jnfile name format for the redshift limits of the sample (zlim is 0.6 and 1.0)

_________________________________________________________________________
1- Set up the jacknife regions

python Jacknife_region_2D_keys.py -r1 eBOSS_LRG_NGC_pip_v7_2_ran_withS_z0.6_z1.0_downsampled.fits \\
-NjackRA 15 -NjackDEC 6 -ax1 RA -ax2 DEC -odir $jnroot/eBOSS_LRG_NGC -z1 0.6 -z2 1.0


checkout the results 
  - normalized histograms of randoms in each hour [15 deg] in RA]: > ls $jnroot/*.png
  - A ".txt" file that is the jnfile at the bottom of the config file that should be provided in the configuration file
_________________________________________________________________________
2- Run the pair count

python Runme_Correlation.py -config_file ./config/config_sarah_wpip.ini --> the configuration file does not recognize the jnfile so I had to inserrt it manually 
python Runme_Correlation.py -config_file ./config/config_sarah_wpip.ini -jnfile /uufs/chpc.utah.edu/common/home/astro/dawson/sarahE/eboss/MultiHODFitter/JN/eBOSS_LRG_NGC-zlim-0.6-1.0-Border_RA-DEC_JN-15-6_v1.txt

__________________________________________________________________________
3- Convert pair count to desired measurements

python PairCountTOxi.py -sampmode 3 -plots 1 -pcroot ./XI/PairCount/lrg-ngc -xi2droot ./XI/XI2D/lrg-ngc -xi02root ./XI/WP/lrg-ngc -njn 90
